{
"contracts/yorokobi-erc20.sol":{"l":{"17":51,"28":1,"32":1,"36":1,"40":2,"44":20,"51":4,"53":4,"54":3,"55":3,"57":3,"58":3,"60":1,"69":3,"70":1,"72":2,"73":2,"74":2,"75":2,"76":2,"84":5,"85":4,"86":4,"87":4,"89":1,"97":5},"path":"/Users/jmorianesguerra/Desktop/Repository/ERC-Token-Projects/ERC-20-Yorokobi/contracts/yorokobi-erc20.sol","s":{"1":1,"2":1,"3":1,"4":2,"5":20,"6":4,"7":4,"8":3,"9":3,"10":3,"11":2,"12":2,"13":5,"14":4,"15":4,"16":5},"b":{"1":[3,1],"2":[1,2],"3":[4,1]},"f":{"1":51,"2":1,"3":1,"4":1,"5":2,"6":20,"7":4,"8":3,"9":5,"10":5},"fnMap":{"1":{"name":"constructor","line":16,"loc":{"start":{"line":16,"column":4},"end":{"line":18,"column":4}}},"2":{"name":"name","line":27,"loc":{"start":{"line":27,"column":4},"end":{"line":29,"column":4}}},"3":{"name":"symbol","line":31,"loc":{"start":{"line":31,"column":4},"end":{"line":33,"column":4}}},"4":{"name":"decimals","line":35,"loc":{"start":{"line":35,"column":4},"end":{"line":37,"column":4}}},"5":{"name":"totalSupply","line":39,"loc":{"start":{"line":39,"column":4},"end":{"line":41,"column":4}}},"6":{"name":"balanceOf","line":43,"loc":{"start":{"line":43,"column":4},"end":{"line":45,"column":4}}},"7":{"name":"transfer","line":47,"loc":{"start":{"line":47,"column":4},"end":{"line":62,"column":4}}},"8":{"name":"transferFrom","line":64,"loc":{"start":{"line":64,"column":4},"end":{"line":78,"column":4}}},"9":{"name":"approve","line":80,"loc":{"start":{"line":80,"column":4},"end":{"line":91,"column":4}}},"10":{"name":"allowance","line":93,"loc":{"start":{"line":93,"column":4},"end":{"line":98,"column":4}}}},"statementMap":{"1":{"start":{"line":28,"column":8},"end":{"line":28,"column":21}},"2":{"start":{"line":32,"column":8},"end":{"line":32,"column":23}},"3":{"start":{"line":36,"column":8},"end":{"line":36,"column":25}},"4":{"start":{"line":40,"column":8},"end":{"line":40,"column":28}},"5":{"start":{"line":44,"column":8},"end":{"line":44,"column":33}},"6":{"start":{"line":51,"column":8},"end":{"line":51,"column":34}},"7":{"start":{"line":53,"column":8},"end":{"line":53,"column":1420}},"8":{"start":{"line":57,"column":12},"end":{"line":57,"column":45}},"9":{"start":{"line":58,"column":12},"end":{"line":58,"column":28}},"10":{"start":{"line":69,"column":8},"end":{"line":69,"column":1846}},"11":{"start":{"line":75,"column":12},"end":{"line":75,"column":45}},"12":{"start":{"line":76,"column":12},"end":{"line":76,"column":23}},"13":{"start":{"line":84,"column":8},"end":{"line":84,"column":2301}},"14":{"start":{"line":86,"column":12},"end":{"line":86,"column":55}},"15":{"start":{"line":87,"column":12},"end":{"line":87,"column":23}},"16":{"start":{"line":97,"column":8},"end":{"line":97,"column":57}}},"branchMap":{"1":{"line":53,"type":"if","locations":[{"start":{"line":53,"column":8},"end":{"line":53,"column":8}},{"start":{"line":53,"column":8},"end":{"line":53,"column":8}}]},"2":{"line":69,"type":"if","locations":[{"start":{"line":69,"column":8},"end":{"line":69,"column":8}},{"start":{"line":69,"column":8},"end":{"line":69,"column":8}}]},"3":{"line":84,"type":"if","locations":[{"start":{"line":84,"column":8},"end":{"line":84,"column":8}},{"start":{"line":84,"column":8},"end":{"line":84,"column":8}}]}}}}
