TN:
SF:/Users/jmorianesguerra/Desktop/Repository/ERC-Token-Projects/ERC-20-Yorokobi/contracts/yorokobi-erc20.sol
FN:16,constructor
FN:27,name
FN:31,symbol
FN:35,decimals
FN:39,totalSupply
FN:43,balanceOf
FN:47,transfer
FN:64,transferFrom
FN:80,approve
FN:93,allowance
FNF:10
FNH:10
FNDA:51,constructor
FNDA:1,name
FNDA:1,symbol
FNDA:1,decimals
FNDA:2,totalSupply
FNDA:20,balanceOf
FNDA:4,transfer
FNDA:3,transferFrom
FNDA:5,approve
FNDA:5,allowance
DA:17,51
DA:28,1
DA:32,1
DA:36,1
DA:40,2
DA:44,20
DA:51,4
DA:53,4
DA:54,3
DA:55,3
DA:57,3
DA:58,3
DA:60,1
DA:69,3
DA:70,1
DA:72,2
DA:73,2
DA:74,2
DA:75,2
DA:76,2
DA:84,5
DA:85,4
DA:86,4
DA:87,4
DA:89,1
DA:97,5
LF:26
LH:26
BRDA:53,1,0,3
BRDA:53,1,1,1
BRDA:69,2,0,1
BRDA:69,2,1,2
BRDA:84,3,0,4
BRDA:84,3,1,1
BRF:6
BRH:6
end_of_record
